<?xml version="1.0" encoding="UTF-8"?>
<robot generator="Robot 3.2.2 (Python 3.8.2 on darwin)" generated="20201113 10:16:42.568" rpa="false">
<suite id="s1" name="Assignment1-1" source="/Users/feeenq/Desktop/swt-workshop/ui-test/google/assignment1-1.robot">
<test id="s1-t1" name="Test post status on twitter">
<kw name="Open browser twitter.com">
<kw name="Open Browser" library="SeleniumLibrary">
<doc>Opens a new browser instance to the optional ``url``.</doc>
<arguments>
<arg>https://www.twitter.com</arg>
<arg>chrome</arg>
</arguments>
<msg timestamp="20201113 10:16:42.790" level="INFO">Opening browser 'chrome' to base url 'https://www.twitter.com'.</msg>
<status status="PASS" starttime="20201113 10:16:42.790" endtime="20201113 10:16:47.546"></status>
</kw>
<status status="PASS" starttime="20201113 10:16:42.790" endtime="20201113 10:16:47.547"></status>
</kw>
<kw name="Type Username">
<kw name="Input Text" library="SeleniumLibrary">
<doc>Types the given ``text`` into the text field identified by ``locator``.</doc>
<arguments>
<arg>name:session[username_or_email]</arg>
<arg>f.fin07@gmail.com</arg>
</arguments>
<msg timestamp="20201113 10:16:47.548" level="INFO">Typing text 'f.fin07@gmail.com' into text field 'name:session[username_or_email]'.</msg>
<kw name="Capture Page Screenshot" library="SeleniumLibrary">
<doc>Takes a screenshot of the current page and embeds it into a log file.</doc>
<msg timestamp="20201113 10:16:47.568" level="FAIL">NoSuchWindowException: Message: no such window: target window already closed
from unknown error: web view not found
  (Session info: chrome=86.0.4240.198)
</msg>
<status status="FAIL" starttime="20201113 10:16:47.549" endtime="20201113 10:16:47.568"></status>
</kw>
<msg timestamp="20201113 10:16:47.568" level="WARN">Keyword 'Capture Page Screenshot' could not be run on failure: NoSuchWindowException: Message: no such window: target window already closed
from unknown error: web view not found
  (Session info: chrome=86.0.4240.198)
</msg>
<msg timestamp="20201113 10:16:47.573" level="FAIL">NoSuchWindowException: Message: no such window: target window already closed
from unknown error: web view not found
  (Session info: chrome=86.0.4240.198)
</msg>
<status status="FAIL" starttime="20201113 10:16:47.548" endtime="20201113 10:16:47.573"></status>
</kw>
<status status="FAIL" starttime="20201113 10:16:47.547" endtime="20201113 10:16:47.574"></status>
</kw>
<status status="FAIL" starttime="20201113 10:16:42.789" endtime="20201113 10:16:47.574" critical="yes">NoSuchWindowException: Message: no such window: target window already closed
from unknown error: web view not found
  (Session info: chrome=86.0.4240.198)
</status>
</test>
<status status="FAIL" starttime="20201113 10:16:42.570" endtime="20201113 10:16:47.575"></status>
</suite>
<statistics>
<total>
<stat pass="0" fail="1">Critical Tests</stat>
<stat pass="0" fail="1">All Tests</stat>
</total>
<tag>
</tag>
<suite>
<stat pass="0" fail="1" id="s1" name="Assignment1-1">Assignment1-1</stat>
</suite>
</statistics>
<errors>
<msg timestamp="20201113 10:16:47.568" level="WARN">Keyword 'Capture Page Screenshot' could not be run on failure: NoSuchWindowException: Message: no such window: target window already closed
from unknown error: web view not found
  (Session info: chrome=86.0.4240.198)
</msg>
</errors>
</robot>
