<?xml version="1.0" encoding="UTF-8"?>
<robot generator="Robot 3.2.2 (Python 3.8.2 on darwin)" generated="20201113 12:27:42.317" rpa="false">
<suite id="s1" name="Shopping Visa Success" source="/Users/feeenq/Desktop/swt-workshop/ui-test/API/shopping_cart/shopping_visa_success.robot">
<kw name="Create Session" library="RequestsLibrary" type="setup">
<doc>Create Session: create a HTTP session to a server</doc>
<arguments>
<arg>alias=shopping</arg>
<arg>url=https://www.dminer.in.th</arg>
</arguments>
<msg timestamp="20201113 12:27:42.394" level="INFO">Creating Session using : alias=shopping, url=https://www.dminer.in.th, headers={},                     cookies={}, auth=None, timeout=None, proxies=None, verify=False,                     debug=0 </msg>
<status status="PASS" starttime="20201113 12:27:42.394" endtime="20201113 12:27:42.395"></status>
</kw>
<test id="s1-t1" name="Test that user ซื้อของเล่นให้ลูกสาว เลือกวิธีการจัดส่งเป็น kerry และชำระเงินด้วยบัตรเครดิต visa และชำระเงินสำเร็จ">
<kw name="Search">
<kw name="Get Request" library="RequestsLibrary">
<doc>Send a GET request on the session object found using the
given `alias`</doc>
<arguments>
<arg>alias=shopping</arg>
<arg>uri=/api/v1/product</arg>
</arguments>
<assign>
<var>${resp}</var>
</assign>
<msg timestamp="20201113 12:27:42.600" level="INFO">GET Request : url=https://www.dminer.in.th/api/v1/product 
 path_url=/api/v1/product 
 headers={'User-Agent': 'python-requests/2.24.0', 'Accept-Encoding': 'gzip, deflate', 'Accept': '*/*', 'Connection': 'keep-alive'} 
 body=None 
 </msg>
<msg timestamp="20201113 12:27:42.601" level="INFO">GET Response : url=https://www.dminer.in.th/api/v1/product 
 status=200, reason=OK 
 body={
  "total": 2,
  "products": [
    {
      "id": 1,
      "product_name": "Balance Training Bicycle",
      "product_price": 119.95,
      "product_image": "/Balance_Training_Bicycle.png"
    },
    {
      "id": 2,
      "product_name": "43 Piece dinner Set",
      "product_price": 12.95,
      "product_image": "/43_Piece_dinner_Set.png"
    }
  ]
} 
 </msg>
<msg timestamp="20201113 12:27:42.601" level="INFO">/Users/feeenq/Library/Python/3.8/lib/python/site-packages/urllib3/connectionpool.py:981: InsecureRequestWarning: Unverified HTTPS request is being made to host 'www.dminer.in.th'. Adding certificate verification is strongly advised. See: https://urllib3.readthedocs.io/en/latest/advanced-usage.html#ssl-warnings
  warnings.warn(</msg>
<msg timestamp="20201113 12:27:42.601" level="INFO">${resp} = &lt;Response [200]&gt;</msg>
<status status="PASS" starttime="20201113 12:27:42.399" endtime="20201113 12:27:42.601"></status>
</kw>
<kw name="Request Should Be Successful" library="RequestsLibrary">
<doc>Fails if response status code is a client or server error (4xx, 5xx).</doc>
<arguments>
<arg>${resp}</arg>
</arguments>
<status status="PASS" starttime="20201113 12:27:42.602" endtime="20201113 12:27:42.602"></status>
</kw>
<kw name="Should Be Equal" library="BuiltIn">
<doc>Fails if the given objects are unequal.</doc>
<arguments>
<arg>${resp.json()['products'][1]['product_name']}</arg>
<arg>43 Piece dinner Set</arg>
</arguments>
<status status="PASS" starttime="20201113 12:27:42.603" endtime="20201113 12:27:42.604"></status>
</kw>
<kw name="Should Be Equal As Numbers" library="BuiltIn">
<doc>Fails if objects are unequal after converting them to real numbers.</doc>
<arguments>
<arg>${resp.json()['products'][1]['product_price']}</arg>
<arg>12.95</arg>
</arguments>
<msg timestamp="20201113 12:27:42.604" level="INFO">Argument types are:
&lt;class 'float'&gt;
&lt;type 'unicode'&gt;</msg>
<status status="PASS" starttime="20201113 12:27:42.604" endtime="20201113 12:27:42.605"></status>
</kw>
<kw name="Should Be Equal" library="BuiltIn">
<doc>Fails if the given objects are unequal.</doc>
<arguments>
<arg>${resp.json()['products'][1]['product_image']}</arg>
<arg>/43_Piece_dinner_Set.png</arg>
</arguments>
<status status="PASS" starttime="20201113 12:27:42.605" endtime="20201113 12:27:42.606"></status>
</kw>
<status status="PASS" starttime="20201113 12:27:42.398" endtime="20201113 12:27:42.606"></status>
</kw>
<kw name="Submit Order">
<kw name="To Json" library="RequestsLibrary">
<doc>Convert a string to a JSON object</doc>
<arguments>
<arg>{ "cart" : [{ "product_id": 2,"quantity": 1}],"shipping_method" : "Kerry","shipping_address" : "405/37 ถ.มหิดล","shipping_sub_district" : "ต.ท่าศาลา","shipping_district" : "อ.เมือง","shipping_province" : "จ.เชียงใหม่","shipping_zip_code" : "50000","recipient_name" : "ณัฐญา ชุติบุตร","recipient_phone_number" : "0970809292"}</arg>
</arguments>
<assign>
<var>${data}</var>
</assign>
<msg timestamp="20201113 12:27:42.607" level="INFO">To JSON using : content={ "cart" : [{ "product_id": 2,"quantity": 1}],"shipping_method" : "Kerry","shipping_address" : "405/37 ถ.มหิดล","shipping_sub_district" : "ต.ท่าศาลา","shipping_district" : "อ.เมือง","shipping_province" : "จ.เชียงใหม่","shipping_zip_code" : "50000","recipient_name" : "ณัฐญา ชุติบุตร","recipient_phone_number" : "0970809292"} </msg>
<msg timestamp="20201113 12:27:42.607" level="INFO">To JSON using : pretty_print=False </msg>
<msg timestamp="20201113 12:27:42.607" level="INFO">${data} = {'cart': [{'product_id': 2, 'quantity': 1}], 'shipping_method': 'Kerry', 'shipping_address': '405/37 ถ.มหิดล', 'shipping_sub_district': 'ต.ท่าศาลา', 'shipping_district': 'อ.เมือง', 'shipping_province'...</msg>
<status status="PASS" starttime="20201113 12:27:42.607" endtime="20201113 12:27:42.607"></status>
</kw>
<kw name="Post Request" library="RequestsLibrary">
<doc>Send a POST request on the session object found using the
given `alias`</doc>
<arguments>
<arg>alias=shopping</arg>
<arg>uri=/api/v1/order</arg>
<arg>headers=${headers}</arg>
<arg>json=${data}</arg>
</arguments>
<assign>
<var>${resp}</var>
</assign>
<msg timestamp="20201113 12:27:42.663" level="INFO">POST Request : url=https://www.dminer.in.th/api/v1/order 
 path_url=/api/v1/order 
 headers={'User-Agent': 'python-requests/2.24.0', 'Accept-Encoding': 'gzip, deflate', 'Accept': 'application/json', 'Connection': 'keep-alive', 'Content-Type': 'application/json', 'Content-Length': '537'} 
 body=b'{"cart": [{"product_id": 2, "quantity": 1}], "shipping_method": "Kerry", "shipping_address": "405/37 \\u0e16.\\u0e21\\u0e2b\\u0e34\\u0e14\\u0e25", "shipping_sub_district": "\\u0e15.\\u0e17\\u0e48\\u0e32\\u0e28\\u0e32\\u0e25\\u0e32", "shipping_district": "\\u0e2d.\\u0e40\\u0e21\\u0e37\\u0e2d\\u0e07", "shipping_province": "\\u0e08.\\u0e40\\u0e0a\\u0e35\\u0e22\\u0e07\\u0e43\\u0e2b\\u0e21\\u0e48", "shipping_zip_code": "50000", "recipient_name": "\\u0e13\\u0e31\\u0e10\\u0e0d\\u0e32 \\u0e0a\\u0e38\\u0e15\\u0e34\\u0e1a\\u0e38\\u0e15\\u0e23", "recipient_phone_number": "0970809292"}' 
 </msg>
<msg timestamp="20201113 12:27:42.664" level="INFO">POST Response : url=https://www.dminer.in.th/api/v1/order 
 status=200, reason=OK 
 body={
    "order_id": 8004359122,
    "total_price": 14.95
} 
 </msg>
<msg timestamp="20201113 12:27:42.664" level="INFO">/Users/feeenq/Library/Python/3.8/lib/python/site-packages/urllib3/connectionpool.py:981: InsecureRequestWarning: Unverified HTTPS request is being made to host 'www.dminer.in.th'. Adding certificate verification is strongly advised. See: https://urllib3.readthedocs.io/en/latest/advanced-usage.html#ssl-warnings
  warnings.warn(</msg>
<msg timestamp="20201113 12:27:42.664" level="INFO">${resp} = &lt;Response [200]&gt;</msg>
<status status="PASS" starttime="20201113 12:27:42.607" endtime="20201113 12:27:42.664"></status>
</kw>
<kw name="Request Should Be Successful" library="RequestsLibrary">
<doc>Fails if response status code is a client or server error (4xx, 5xx).</doc>
<arguments>
<arg>${resp}</arg>
</arguments>
<status status="PASS" starttime="20201113 12:27:42.665" endtime="20201113 12:27:42.665"></status>
</kw>
<kw name="Should Be Equal As Integers" library="BuiltIn">
<doc>Fails if objects are unequal after converting them to integers.</doc>
<arguments>
<arg>${resp.json()['order_id']}</arg>
<arg>8004359122</arg>
</arguments>
<msg timestamp="20201113 12:27:42.666" level="INFO">Argument types are:
&lt;class 'int'&gt;
&lt;type 'unicode'&gt;</msg>
<status status="PASS" starttime="20201113 12:27:42.665" endtime="20201113 12:27:42.666"></status>
</kw>
<kw name="Should Be Equal As Numbers" library="BuiltIn">
<doc>Fails if objects are unequal after converting them to real numbers.</doc>
<arguments>
<arg>${resp.json()['total_price']}</arg>
<arg>14.95</arg>
</arguments>
<msg timestamp="20201113 12:27:42.667" level="INFO">Argument types are:
&lt;class 'float'&gt;
&lt;type 'unicode'&gt;</msg>
<status status="PASS" starttime="20201113 12:27:42.666" endtime="20201113 12:27:42.667"></status>
</kw>
<kw name="Set Variable" library="BuiltIn">
<doc>Returns the given values which can then be assigned to a variables.</doc>
<arguments>
<arg>${resp.json()['order_id']}</arg>
</arguments>
<assign>
<var>${order_id}</var>
</assign>
<msg timestamp="20201113 12:27:42.668" level="INFO">${order_id} = 8004359122</msg>
<status status="PASS" starttime="20201113 12:27:42.667" endtime="20201113 12:27:42.668"></status>
</kw>
<status status="PASS" starttime="20201113 12:27:42.606" endtime="20201113 12:27:42.668"></status>
</kw>
<status status="PASS" starttime="20201113 12:27:42.395" endtime="20201113 12:27:42.668" critical="yes"></status>
</test>
<status status="PASS" starttime="20201113 12:27:42.318" endtime="20201113 12:27:42.669"></status>
</suite>
<statistics>
<total>
<stat pass="1" fail="0">Critical Tests</stat>
<stat pass="1" fail="0">All Tests</stat>
</total>
<tag>
</tag>
<suite>
<stat pass="1" fail="0" id="s1" name="Shopping Visa Success">Shopping Visa Success</stat>
</suite>
</statistics>
<errors>
</errors>
</robot>
